<?xml version="1.0" encoding="utf-8" standalone="no"?>
<!--This file represents the results of running a test suite-->
<test-results name="../../../Build/Yabe.Web.Tests.dll" total="9" failures="0" not-run="0" date="2008-09-24" time="17:03:13">
  <environment nunit-version="2.4.7.0" clr-version="2.0.50727.3053" os-version="Microsoft Windows NT 5.2.3790 Service Pack 2" platform="Win32NT" cwd="C:\Projects\YABE\Trunk\Tools\NUnit\2.4.7" machine-name="JYOUNGDESKTOP" user="jyoung" user-domain="MWTROPHY" />
  <culture-info current-culture="en-US" current-uiculture="en-US" />
  <test-suite name="../../../Build/Yabe.Web.Tests.dll" success="True" time="1.875" asserts="0">
    <results>
      <test-suite name="YABE" success="True" time="1.859" asserts="0">
        <results>
          <test-suite name="Web" success="True" time="1.859" asserts="0">
            <results>
              <test-suite name="Tests" success="True" time="1.859" asserts="0">
                <results>
                  <test-suite name="Context" success="True" time="1.859" asserts="0">
                    <results>
                      <test-suite name="When_Requesting_The_Current_Blog_That_Is_In_Session" success="True" time="1.750" asserts="0">
                        <results>
                          <test-case name="YABE.Web.Tests.Context.When_Requesting_The_Current_Blog_That_Is_In_Session.Should_Be_The_Same_As_The_One_In_Session" executed="True" success="True" time="1.688" asserts="1" />
                          <test-case name="YABE.Web.Tests.Context.When_Requesting_The_Current_Blog_That_Is_In_Session.Should_Not_Be_Null" executed="True" success="True" time="0.016" asserts="1" />
                        </results>
                      </test-suite>
                      <test-suite name="When_Requesting_The_Current_Blog_That_Is_In_Session_But_Does_Not_Match_Url" success="True" time="0.047" asserts="0">
                        <results>
                          <test-case name="YABE.Web.Tests.Context.When_Requesting_The_Current_Blog_That_Is_In_Session_But_Does_Not_Match_Url.Should_Fetch_Blog_From_Db" executed="True" success="True" time="0.031" asserts="0" />
                          <test-case name="YABE.Web.Tests.Context.When_Requesting_The_Current_Blog_That_Is_In_Session_But_Does_Not_Match_Url.Should_Have_Correct_Host" executed="True" success="True" time="0.000" asserts="1" />
                          <test-case name="YABE.Web.Tests.Context.When_Requesting_The_Current_Blog_That_Is_In_Session_But_Does_Not_Match_Url.Should_Not_Be_Null" executed="True" success="True" time="0.000" asserts="1" />
                          <test-case name="YABE.Web.Tests.Context.When_Requesting_The_Current_Blog_That_Is_In_Session_But_Does_Not_Match_Url.Should_Put_New_Blog_In_Session" executed="True" success="True" time="0.000" asserts="2" />
                        </results>
                      </test-suite>
                      <test-suite name="When_Requesting_The_Current_Blog_That_Is_Not_In_Session" success="True" time="0.000" asserts="0">
                        <results>
                          <test-case name="YABE.Web.Tests.Context.When_Requesting_The_Current_Blog_That_Is_Not_In_Session.Should_Fetch_Blog_From_DB" executed="True" success="True" time="0.000" asserts="0" />
                          <test-case name="YABE.Web.Tests.Context.When_Requesting_The_Current_Blog_That_Is_Not_In_Session.Should_Not_Be_Null" executed="True" success="True" time="0.000" asserts="1" />
                          <test-case name="YABE.Web.Tests.Context.When_Requesting_The_Current_Blog_That_Is_Not_In_Session.Should_Set_Blog_In_Session" executed="True" success="True" time="0.000" asserts="1" />
                        </results>
                      </test-suite>
                    </results>
                  </test-suite>
                </results>
              </test-suite>
            </results>
          </test-suite>
        </results>
      </test-suite>
    </results>
  </test-suite>
</test-results>